{"id":"1771750630628-pc56yu","userId":"","action":"list_tasks","resource":"task","resourceId":null,"organizationId":"8cbcbd80-415b-4afa-9680-4d64b3fffd2f","timestamp":"2026-02-22T08:57:10.628Z"}
{"id":"1771750637050-rgs7e0","userId":"","action":"list_tasks","resource":"task","resourceId":null,"organizationId":"8cbcbd80-415b-4afa-9680-4d64b3fffd2f","timestamp":"2026-02-22T08:57:17.050Z"}
{"id":"1771750678924-ocy388","userId":"","action":"list_tasks","resource":"task","resourceId":null,"organizationId":"8cbcbd80-415b-4afa-9680-4d64b3fffd2f","timestamp":"2026-02-22T08:57:58.924Z"}
{"id":"1771758066075-17gt9m","userId":"","action":"list_tasks","resource":"task","resourceId":null,"organizationId":"8cbcbd80-415b-4afa-9680-4d64b3fffd2f","timestamp":"2026-02-22T11:01:06.075Z"}
{"id":"1771758097358-hfex67","userId":"","action":"list_tasks","resource":"task","resourceId":null,"organizationId":"8cbcbd80-415b-4afa-9680-4d64b3fffd2f","timestamp":"2026-02-22T11:01:37.358Z"}
{"id":"1771758123700-tokx3m","userId":"","action":"list_tasks","resource":"task","resourceId":null,"organizationId":"8cbcbd80-415b-4afa-9680-4d64b3fffd2f","timestamp":"2026-02-22T11:02:03.700Z"}
{"id":"1771758147540-hgym4x","userId":"","action":"list_tasks","resource":"task","resourceId":null,"organizationId":"8cbcbd80-415b-4afa-9680-4d64b3fffd2f","timestamp":"2026-02-22T11:02:27.540Z"}
{"id":"1771758172043-iyq7zv","userId":"","action":"list_tasks","resource":"task","resourceId":null,"organizationId":"8cbcbd80-415b-4afa-9680-4d64b3fffd2f","timestamp":"2026-02-22T11:02:52.043Z"}
{"id":"1771758175515-3iutt2","userId":"","action":"list_tasks","resource":"task","resourceId":null,"organizationId":"8cbcbd80-415b-4afa-9680-4d64b3fffd2f","timestamp":"2026-02-22T11:02:55.515Z"}
{"id":"1771758446907-bz3tpv","userId":"","action":"list_tasks","resource":"task","resourceId":null,"organizationId":"8cbcbd80-415b-4afa-9680-4d64b3fffd2f","timestamp":"2026-02-22T11:07:26.907Z"}
{"id":"1771758452301-mg7aqk","userId":"","action":"list_tasks","resource":"task","resourceId":null,"organizationId":"8cbcbd80-415b-4afa-9680-4d64b3fffd2f","timestamp":"2026-02-22T11:07:32.301Z"}
{"id":"1771758461010-r53hgj","userId":"","action":"list_tasks","resource":"task","resourceId":null,"organizationId":"8cbcbd80-415b-4afa-9680-4d64b3fffd2f","timestamp":"2026-02-22T11:07:41.010Z"}
{"id":"1771758523144-xhkvyv","userId":"","action":"list_tasks","resource":"task","resourceId":null,"organizationId":"8cbcbd80-415b-4afa-9680-4d64b3fffd2f","timestamp":"2026-02-22T11:08:43.144Z"}
{"id":"1771758585450-8wut0l","userId":"","action":"list_tasks","resource":"task","resourceId":null,"organizationId":"8cbcbd80-415b-4afa-9680-4d64b3fffd2f","timestamp":"2026-02-22T11:09:45.450Z"}
{"id":"1771758587663-e8sn3w","userId":"","action":"list_tasks","resource":"task","resourceId":null,"organizationId":"8cbcbd80-415b-4afa-9680-4d64b3fffd2f","timestamp":"2026-02-22T11:09:47.663Z"}
{"id":"1771758767427-7oh6mb","userId":"","action":"list_tasks","resource":"task","resourceId":null,"organizationId":"8cbcbd80-415b-4afa-9680-4d64b3fffd2f","timestamp":"2026-02-22T11:12:47.427Z"}
{"id":"1771758829072-i44xm1","userId":"","action":"list_tasks","resource":"task","resourceId":null,"organizationId":"8cbcbd80-415b-4afa-9680-4d64b3fffd2f","timestamp":"2026-02-22T11:13:49.072Z"}
{"id":"1771759035713-7eftd4","userId":"","action":"list_tasks","resource":"task","resourceId":null,"organizationId":"8cbcbd80-415b-4afa-9680-4d64b3fffd2f","timestamp":"2026-02-22T11:17:15.713Z"}
{"id":"1771759124692-2vzw52","userId":"","action":"list_tasks","resource":"task","resourceId":null,"organizationId":"8cbcbd80-415b-4afa-9680-4d64b3fffd2f","timestamp":"2026-02-22T11:18:44.692Z"}
{"id":"1771759269671-bhzk85","userId":"","action":"list_tasks","resource":"task","resourceId":null,"organizationId":"8cbcbd80-415b-4afa-9680-4d64b3fffd2f","timestamp":"2026-02-22T11:21:09.671Z"}
{"id":"1771759401566-ksiti6","userId":"","action":"list_tasks","resource":"task","resourceId":null,"organizationId":"8cbcbd80-415b-4afa-9680-4d64b3fffd2f","timestamp":"2026-02-22T11:23:21.566Z"}
{"id":"1771759405065-zoiyvn","userId":"","action":"list_tasks","resource":"task","resourceId":null,"organizationId":"8cbcbd80-415b-4afa-9680-4d64b3fffd2f","timestamp":"2026-02-22T11:23:25.065Z"}
{"id":"1771759529834-pxrzhv","userId":"","action":"list_tasks","resource":"task","resourceId":null,"organizationId":"8cbcbd80-415b-4afa-9680-4d64b3fffd2f","timestamp":"2026-02-22T11:25:29.834Z"}
{"id":"1771759532121-rttdol","userId":"","action":"list_tasks","resource":"task","resourceId":null,"organizationId":"8cbcbd80-415b-4afa-9680-4d64b3fffd2f","timestamp":"2026-02-22T11:25:32.121Z"}
{"id":"1771759540371-lgqnbc","userId":"","action":"list_tasks","resource":"task","resourceId":null,"organizationId":"8cbcbd80-415b-4afa-9680-4d64b3fffd2f","timestamp":"2026-02-22T11:25:40.371Z"}
{"id":"1771759552726-mznclg","userId":"","action":"list_tasks","resource":"task","resourceId":null,"organizationId":"8cbcbd80-415b-4afa-9680-4d64b3fffd2f","timestamp":"2026-02-22T11:25:52.726Z"}
{"id":"1771759656786-s6hrpd","userId":"","action":"list_tasks","resource":"task","resourceId":null,"organizationId":"8cbcbd80-415b-4afa-9680-4d64b3fffd2f","timestamp":"2026-02-22T11:27:36.786Z"}
{"id":"1771759958865-8tn9za","userId":"","action":"list_tasks","resource":"task","resourceId":null,"organizationId":"8cbcbd80-415b-4afa-9680-4d64b3fffd2f","timestamp":"2026-02-22T11:32:38.865Z"}
{"id":"1771759971461-7irf4s","userId":"","action":"list_tasks","resource":"task","resourceId":null,"organizationId":"8cbcbd80-415b-4afa-9680-4d64b3fffd2f","timestamp":"2026-02-22T11:32:51.461Z"}
